[Licensing::Module] Trying to connect to existing licensing client channel...
Built from '6000.2/staging' branch; Version is '6000.2.14f1 (589824c1fc31) revision 5806116'; Using compiler version '194234433'; Build Type 'Release'
[Licensing::IpcConnector] Successfully connected to: "LicenseClient-adham" at "2025-12-16T00:07:28.9878717Z"
OS: 'Windows 11  (10.0.26200) 64bit Professional' Language: 'en' Physical Memory: 32559 MB
BatchMode: 1, IsHumanControllingUs: 0, StartBugReporterOnCrash: 0, Is64bit: 1
Date: 2025-12-16T00:07:28Z

COMMAND LINE ARGUMENTS:
G:\programs\Unity\Hub\Editor\6000.2.14f1\Editor\Unity.exe
-adb2
-batchMode
-noUpm
-name
AssetImportWorker4
-projectPath
G:/College/semester 7/Graphics and Game Programming/Project/Ball Blitz
-logFile
Logs/AssetImportWorker4.log
-srvPort
55034
-licensingIpc
LicenseClient-adham
-job-worker-count
9
-background-job-worker-count
8
-gc-helper-count
1
-name
AssetImport
Successfully changed project path to: G:/College/semester 7/Graphics and Game Programming/Project/Ball Blitz
G:/College/semester 7/Graphics and Game Programming/Project/Ball Blitz
[UnityMemory] Configuration Parameters - Can be set up in boot.config
    "memorysetup-allocator-temp-initial-block-size-main=262144"
    "memorysetup-allocator-temp-initial-block-size-worker=262144"
    "memorysetup-bucket-allocator-granularity=16"
    "memorysetup-bucket-allocator-bucket-count=8"
    "memorysetup-bucket-allocator-block-size=33554432"
    "memorysetup-bucket-allocator-block-count=8"
    "memorysetup-main-allocator-block-size=16777216"
    "memorysetup-thread-allocator-block-size=16777216"
    "memorysetup-gfx-main-allocator-block-size=16777216"
    "memorysetup-gfx-thread-allocator-block-size=16777216"
    "memorysetup-cache-allocator-block-size=4194304"
    "memorysetup-typetree-allocator-block-size=2097152"
    "memorysetup-profiler-bucket-allocator-granularity=16"
    "memorysetup-profiler-bucket-allocator-bucket-count=8"
    "memorysetup-profiler-bucket-allocator-block-size=33554432"
    "memorysetup-profiler-bucket-allocator-block-count=8"
    "memorysetup-profiler-allocator-block-size=16777216"
    "memorysetup-profiler-editor-allocator-block-size=1048576"
    "memorysetup-temp-allocator-size-main=16777216"
    "memorysetup-job-temp-allocator-block-size=2097152"
    "memorysetup-job-temp-allocator-block-size-background=1048576"
    "memorysetup-job-temp-allocator-reduction-small-platforms=262144"
    "memorysetup-temp-allocator-size-background-worker=32768"
    "memorysetup-temp-allocator-size-job-worker=262144"
    "memorysetup-temp-allocator-size-preload-manager=33554432"
    "memorysetup-temp-allocator-size-nav-mesh-worker=65536"
    "memorysetup-temp-allocator-size-audio-worker=65536"
    "memorysetup-temp-allocator-size-cloud-worker=32768"
    "memorysetup-temp-allocator-size-gi-baking-worker=262144"
    "memorysetup-temp-allocator-size-gi-baking-worker=262144"
    "memorysetup-temp-allocator-size-gi-baking-worker=262144"
    "memorysetup-temp-allocator-size-gi-baking-worker=262144"
    "memorysetup-temp-allocator-size-gi-baking-worker=262144"
    "memorysetup-temp-allocator-size-gfx=262144"
Player connection [20784]  Target information:

Player connection [20784]  * "[IP] 192.168.1.119 [Port] 0 [Flags] 2 [Guid] 1363447589 [EditorId] 1363447589 [Version] 1048832 [Id] WindowsEditor(7,Lost-Darkness-PC) [Debug] 1 [PackageName] WindowsEditor [ProjectName] Editor" 

Player connection [20784] Host joined multi-casting on [225.0.0.222:54997]...
Player connection [20784] Host joined alternative multi-casting on [225.0.0.222:34997]...
JobSystem: Creating JobQueue using job-worker-count value 9
Input System module state changed to: Initialized.
[Physics::Module] Initialized fallback backend.
[Physics::Module] Id: 0xdecafbad
Library Redirect Path: Library/
[Physics::Module] Selected backend.
[Physics::Module] Name: PhysX
[Physics::Module] Id: 0xf2b8ea05
[Physics::Module] SDK Version: 4.1.2
[Physics::Module] Integration Version: 1.0.0
[Physics::Module] Threading Mode: Multi-Threaded
Refreshing native plugins compatible for Editor in 3.48 ms, found 3 plugins.
Preloading 0 native plugins for Editor in 0.00 ms.
Initialize engine version: 6000.2.14f1 (589824c1fc31)
[Subsystems] Discovering subsystems at path G:/programs/Unity/Hub/Editor/6000.2.14f1/Editor/Data/Resources/UnitySubsystems
[Subsystems] Discovering subsystems at path G:/College/semester 7/Graphics and Game Programming/Project/Ball Blitz/Assets
GfxDevice: creating device client; kGfxThreadingModeNonThreaded
Direct3D:
    Version:  Direct3D 11.0 [level 11.1]
    Renderer: NVIDIA GeForce RTX 3060 (ID=0x2504)
    Vendor:   NVIDIA
    VRAM:     12115 MB
    Driver:   32.0.15.8180
Initialize mono
Mono path[0] = 'G:/programs/Unity/Hub/Editor/6000.2.14f1/Editor/Data/Managed'
Mono path[1] = 'G:/programs/Unity/Hub/Editor/6000.2.14f1/Editor/Data/MonoBleedingEdge/lib/mono/unityjit-win32'
Mono config path = 'G:/programs/Unity/Hub/Editor/6000.2.14f1/Editor/Data/MonoBleedingEdge/etc'
Using monoOptions --debugger-agent=transport=dt_socket,embedding=1,server=y,suspend=n,address=127.0.0.1:56476
Begin MonoManager ReloadAssembly
Registering precompiled unity dll's ...
Register platform support module: G:/programs/Unity/Hub/Editor/6000.2.14f1/Editor/Data/PlaybackEngines/WindowsStandaloneSupport/UnityEditor.WindowsStandalone.Extensions.dll
Registered in 0.000912 seconds.
- Loaded All Assemblies, in  0.322 seconds
Native extension for WindowsStandalone target not found
[Licensing::Client] Error: HandshakeResponse reported an error:
	ResponseCode: 505
	ResponseStatus: Unsupported protocol version '1.17.4'.
[Licensing::Module] Error: Failed to handshake to channel: "LicenseClient-adham"
[Licensing::IpcConnector] LicenseClient-adham channel disconnected successfully.
[Licensing::IpcConnector] Successfully connected to: "LicenseClient-adham-6000.2.14" at "2025-12-16T00:07:29.7787189Z"
Mono: successfully reloaded assembly
- Finished resetting the current domain, in  0.280 seconds
Domain Reload Profiling: 601ms
	BeginReloadAssembly (132ms)
		ExecutionOrderSort (0ms)
		DisableScriptedObjects (0ms)
		BackupInstance (0ms)
		ReleaseScriptingObjects (0ms)
		CreateAndSetChildDomain (1ms)
	RebuildCommonClasses (28ms)
	RebuildNativeTypeToScriptingClass (9ms)
	initialDomainReloadingComplete (34ms)
	LoadAllAssembliesAndSetupDomain (117ms)
		LoadAssemblies (132ms)
		RebuildTransferFunctionScriptingTraits (0ms)
		AnalyzeDomain (115ms)
			TypeCache.Refresh (113ms)
				TypeCache.ScanAssembly (104ms)
			BuildScriptInfoCaches (0ms)
			ResolveRequiredComponents (0ms)
	FinalizeReload (280ms)
		ReleaseScriptCaches (0ms)
		RebuildScriptCaches (0ms)
		SetupLoadedEditorAssemblies (251ms)
			LogAssemblyErrors (0ms)
			InitializePlatformSupportModulesInManaged (33ms)
			SetLoadedEditorAssemblies (3ms)
			BeforeProcessingInitializeOnLoad (55ms)
			ProcessInitializeOnLoadAttributes (117ms)
			ProcessInitializeOnLoadMethodAttributes (42ms)
			AfterProcessingInitializeOnLoad (0ms)
			EditorAssembliesLoaded (0ms)
		ExecutionOrderSort2 (0ms)
		AwakeInstancesAfterBackupRestoration (0ms)
========================================================================
Worker process is ready to serve import requests
Import Worker Mode flag is 0x00
Begin MonoManager ReloadAssembly
[Licensing::Module] Licensing is not yet initialized.
[Licensing::Client] Handshaking with LicensingClient:
  Version:                 1.17.4+4293ba1
  Session Id:              d7b743b1e9d540bc9510ba367dfe03bc
  Correlation Id:          e73b244d238eb83f468a8e1496a07c25
  External correlation Id: 4914525599468435628
  Machine Id:              n3RbTegUnD/TmKSx5UbAO2aNz4E=
[Licensing::Module] Successfully connected to LicensingClient on channel: "LicenseClient-adham-6000.2.14" (connect: 0.00s, validation: 0.00s, handshake: 0.77s)
[Licensing::IpcConnector] Successfully connected to: "LicenseClient-adham-6000.2.14-notifications" at "2025-12-16T00:07:30.5544127Z"
[Licensing::Module] Licensing Background thread has ended after 1.57s
[Licensing::Module] Licensing is initialized (took 0.23s).
[Licensing::Client] Successfully resolved entitlement details
[Licensing::Module] License group:
  Id: 11270626573202-UnityPersXXXX
  Product: Unity Personal
  Type: Assigned
  Expiration: Unlimited
- Loaded All Assemblies, in  0.745 seconds
Refreshing native plugins compatible for Editor in 0.55 ms, found 3 plugins.
Native extension for WindowsStandalone target not found
Package Manager log level set to [2]
[Package Manager] Failed to launch server process. Reason: Unity was launched with the -noUpm command-line argument
[Package Manager] Unable to send message (not connected to server process).
[Package Manager] Cannot connect to Unity Package Manager local server
Mono: successfully reloaded assembly
- Finished resetting the current domain, in  0.413 seconds
Domain Reload Profiling: 1158ms
	BeginReloadAssembly (397ms)
		ExecutionOrderSort (0ms)
		DisableScriptedObjects (4ms)
		BackupInstance (0ms)
		ReleaseScriptingObjects (0ms)
		CreateAndSetChildDomain (21ms)
	RebuildCommonClasses (26ms)
	RebuildNativeTypeToScriptingClass (9ms)
	initialDomainReloadingComplete (25ms)
	LoadAllAssembliesAndSetupDomain (288ms)
		LoadAssemblies (261ms)
		RebuildTransferFunctionScriptingTraits (0ms)
		AnalyzeDomain (140ms)
			TypeCache.Refresh (109ms)
				TypeCache.ScanAssembly (99ms)
			BuildScriptInfoCaches (23ms)
			ResolveRequiredComponents (4ms)
	FinalizeReload (413ms)
		ReleaseScriptCaches (0ms)
		RebuildScriptCaches (0ms)
		SetupLoadedEditorAssemblies (335ms)
			LogAssemblyErrors (0ms)
			InitializePlatformSupportModulesInManaged (1ms)
			SetLoadedEditorAssemblies (3ms)
			BeforeProcessingInitializeOnLoad (71ms)
			ProcessInitializeOnLoadAttributes (238ms)
			ProcessInitializeOnLoadMethodAttributes (20ms)
			AfterProcessingInitializeOnLoad (1ms)
			EditorAssembliesLoaded (0ms)
		ExecutionOrderSort2 (0ms)
		AwakeInstancesAfterBackupRestoration (6ms)
Launched and connected shader compiler UnityShaderCompiler.exe after 0.01 seconds
Refreshing native plugins compatible for Editor in 0.62 ms, found 3 plugins.
Preloading 0 native plugins for Editor in 0.00 ms.
Unloading 0 Unused Serialized files (Serialized files now loaded: 0)
Unloading 3950 unused Assets / (1.1 MB). Loaded Objects now: 4482.
Memory consumption went from 103.5 MB to 102.3 MB.
Total: 4.168100 ms (FindLiveObjects: 0.279700 ms CreateObjectMapping: 0.231100 ms MarkObjects: 2.962800 ms  DeleteObjects: 0.693900 ms)

========================================================================
Received Import Request.
  Time since last request: 8685.849391 seconds.
  path: Assets/player 1.fbx
  artifactKey: Guid(04b807fa771cfaa469845bd11a83d067) Importer(2089858483,192608db42251d675da83286b1cce702)
Start importing Assets/player 1.fbx using Guid(04b807fa771cfaa469845bd11a83d067) Importer(2089858483,192608db42251d675da83286b1cce702) (ScriptedImporter) -> (artifact id: '83c468ec5d24302c2dbbab576fb85c94') in 0.1112606 seconds
Number of updated asset objects reloaded before import = 0Number of asset objects unloaded after import = 159

========================================================================
Received Import Request.
  Time since last request: 16.515793 seconds.
  path: Assets/player 2.fbx
  artifactKey: Guid(89204e9bfd1eef243a2732b9be6928bc) Importer(2089858483,192608db42251d675da83286b1cce702)
Start importing Assets/player 2.fbx using Guid(89204e9bfd1eef243a2732b9be6928bc) Importer(2089858483,192608db42251d675da83286b1cce702) (ScriptedImporter) -> (artifact id: 'a8618e9958c0699c0daca031e062df1e') in 0.0288329 seconds
Number of updated asset objects reloaded before import = 0Number of asset objects unloaded after import = 163

========================================================================
Received Import Request.
  Time since last request: 91.531462 seconds.
  path: Assets/Ch28_1001_Diffuse.png
  artifactKey: Guid(56e2ad596aca1e94fbe3c8663b0c1be8) Importer(815301076,1909f56bfc062723c751e8b465ee728b)
Start importing Assets/Ch28_1001_Diffuse.png using Guid(56e2ad596aca1e94fbe3c8663b0c1be8) Importer(815301076,1909f56bfc062723c751e8b465ee728b) (PreviewImporter) -> (artifact id: '9d5cfa0de9ef82c84f24fcf7e23c6009') in 0.2816256 seconds
Number of updated asset objects reloaded before import = 0Number of asset objects unloaded after import = 2

========================================================================
Received Import Request.
  Time since last request: 0.000021 seconds.
  path: Assets/Ch38_1002_Normal.png
  artifactKey: Guid(909b030cc3546d94fb9bee802e2fc630) Importer(815301076,1909f56bfc062723c751e8b465ee728b)
Start importing Assets/Ch38_1002_Normal.png using Guid(909b030cc3546d94fb9bee802e2fc630) Importer(815301076,1909f56bfc062723c751e8b465ee728b) (PreviewImporter) -> (artifact id: '1d415b0051aecf1d35fe2f3a0566d92d') in 0.0182275 seconds
Number of updated asset objects reloaded before import = 0Number of asset objects unloaded after import = 2

========================================================================
Received Import Request.
  Time since last request: 0.000030 seconds.
  path: Assets/Ch28_body.mat
  artifactKey: Guid(1fb5e5a5eaf077b4581c226af9e39902) Importer(815301076,1909f56bfc062723c751e8b465ee728b)
Start importing Assets/Ch28_body.mat using Guid(1fb5e5a5eaf077b4581c226af9e39902) Importer(815301076,1909f56bfc062723c751e8b465ee728b) (PreviewImporter) -> (artifact id: '0d353b1e3d46231b582594bc5c1623bf') in 0.0928177 seconds
Number of updated asset objects reloaded before import = 0Number of asset objects unloaded after import = 3

========================================================================
Received Import Request.
  Time since last request: 0.000036 seconds.
  path: Assets/Ch28_hair.mat
  artifactKey: Guid(a7d4610d6b3ac604caf9c34d78f72d5c) Importer(815301076,1909f56bfc062723c751e8b465ee728b)
Start importing Assets/Ch28_hair.mat using Guid(a7d4610d6b3ac604caf9c34d78f72d5c) Importer(815301076,1909f56bfc062723c751e8b465ee728b) (PreviewImporter) -> (artifact id: '012e3a2d489a05d81a2ffc18790ccf47') in 0.024923 seconds
Number of updated asset objects reloaded before import = 0Number of asset objects unloaded after import = 3

========================================================================
Received Import Request.
  Time since last request: 0.000032 seconds.
  path: Assets/Ch38_1001_Normal.png
  artifactKey: Guid(1071e06d5999b4a4082283a076cc38ef) Importer(815301076,1909f56bfc062723c751e8b465ee728b)
Start importing Assets/Ch38_1001_Normal.png using Guid(1071e06d5999b4a4082283a076cc38ef) Importer(815301076,1909f56bfc062723c751e8b465ee728b) (PreviewImporter) -> (artifact id: 'f582bf6b4581ee5dea27d322e483630d') in 0.0164277 seconds
Number of updated asset objects reloaded before import = 0Number of asset objects unloaded after import = 2

========================================================================
Received Import Request.
  Time since last request: 0.000025 seconds.
  path: Assets/Ch28_1001_Normal.png
  artifactKey: Guid(a5fa997d9f8e91345b65eb314567e48f) Importer(815301076,1909f56bfc062723c751e8b465ee728b)
Start importing Assets/Ch28_1001_Normal.png using Guid(a5fa997d9f8e91345b65eb314567e48f) Importer(815301076,1909f56bfc062723c751e8b465ee728b) (PreviewImporter) -> (artifact id: '84c46252b5c83e9c9cc598c8ac34d5f3') in 0.0167348 seconds
Number of updated asset objects reloaded before import = 0Number of asset objects unloaded after import = 2

========================================================================
Received Import Request.
  Time since last request: 0.498813 seconds.
  path: Assets/Ch38_1002_Normal.png
  artifactKey: Guid(909b030cc3546d94fb9bee802e2fc630) Importer(2089858483,192608db42251d675da83286b1cce702)
Start importing Assets/Ch38_1002_Normal.png using Guid(909b030cc3546d94fb9bee802e2fc630) Importer(2089858483,192608db42251d675da83286b1cce702) (ScriptedImporter) -> (artifact id: '031ea4daf17ccfb7bb05a886747285a5') in 0.0476158 seconds
Number of updated asset objects reloaded before import = 0Number of asset objects unloaded after import = 1

========================================================================
Received Import Request.
  Time since last request: 0.000065 seconds.
  path: Assets/Ch38_1001_Normal.png
  artifactKey: Guid(1071e06d5999b4a4082283a076cc38ef) Importer(2089858483,192608db42251d675da83286b1cce702)
Start importing Assets/Ch38_1001_Normal.png using Guid(1071e06d5999b4a4082283a076cc38ef) Importer(2089858483,192608db42251d675da83286b1cce702) (ScriptedImporter) -> (artifact id: '6201ecbbf5bbdfd3ef2a6f37507db152') in 0.0234049 seconds
Number of updated asset objects reloaded before import = 0Number of asset objects unloaded after import = 1

========================================================================
Received Import Request.
  Time since last request: 0.000075 seconds.
  path: Assets/Ch28_1001_Diffuse.png
  artifactKey: Guid(56e2ad596aca1e94fbe3c8663b0c1be8) Importer(2089858483,192608db42251d675da83286b1cce702)
Start importing Assets/Ch28_1001_Diffuse.png using Guid(56e2ad596aca1e94fbe3c8663b0c1be8) Importer(2089858483,192608db42251d675da83286b1cce702) (ScriptedImporter) -> (artifact id: 'd6b4cf17c08676a29b1a7fe723f21d37') in 0.0255995 seconds
Number of updated asset objects reloaded before import = 0Number of asset objects unloaded after import = 1

========================================================================
Received Import Request.
  Time since last request: 0.000058 seconds.
  path: Assets/Ch28_1001_Glossiness.png
  artifactKey: Guid(d1407fc53db116845b92c8efcd38ef10) Importer(2089858483,192608db42251d675da83286b1cce702)
Start importing Assets/Ch28_1001_Glossiness.png using Guid(d1407fc53db116845b92c8efcd38ef10) Importer(2089858483,192608db42251d675da83286b1cce702) (ScriptedImporter) -> (artifact id: '5bf5bc819da42548ad13d22f4dabee99') in 0.0266503 seconds
Number of updated asset objects reloaded before import = 0Number of asset objects unloaded after import = 1

========================================================================
Received Import Request.
  Time since last request: 0.000121 seconds.
  path: Assets/Ch38_body.mat
  artifactKey: Guid(700afa6334319634790af182b9e2a0fb) Importer(2089858483,192608db42251d675da83286b1cce702)
Start importing Assets/Ch38_body.mat using Guid(700afa6334319634790af182b9e2a0fb) Importer(2089858483,192608db42251d675da83286b1cce702) (ScriptedImporter) -> (artifact id: '28b0eec594436d9fa81bed737145eb99') in 0.0275464 seconds
Number of updated asset objects reloaded before import = 0Number of asset objects unloaded after import = 3

========================================================================
Received Import Request.
  Time since last request: 0.000017 seconds.
  path: Assets/Ch28_hair.mat
  artifactKey: Guid(a7d4610d6b3ac604caf9c34d78f72d5c) Importer(2089858483,192608db42251d675da83286b1cce702)
Start importing Assets/Ch28_hair.mat using Guid(a7d4610d6b3ac604caf9c34d78f72d5c) Importer(2089858483,192608db42251d675da83286b1cce702) (ScriptedImporter) -> (artifact id: 'b234f0f61a2527e2c04269f9fd847534') in 0.0258108 seconds
Number of updated asset objects reloaded before import = 0Number of asset objects unloaded after import = 3

========================================================================
Received Import Request.
  Time since last request: 0.000020 seconds.
  path: Assets/Ch38_hair.mat
  artifactKey: Guid(7315b1936f2549645ba52278f7323c90) Importer(2089858483,192608db42251d675da83286b1cce702)
Start importing Assets/Ch38_hair.mat using Guid(7315b1936f2549645ba52278f7323c90) Importer(2089858483,192608db42251d675da83286b1cce702) (ScriptedImporter) -> (artifact id: '4e4d55be2527a2715163f725305fadab') in 0.0235791 seconds
Number of updated asset objects reloaded before import = 0Number of asset objects unloaded after import = 3

========================================================================
Received Import Request.
  Time since last request: 0.000029 seconds.
  path: Assets/Ch38_1001_Diffuse.png
  artifactKey: Guid(fef09ceb254c6d042bcaf75c6525ce9e) Importer(2089858483,192608db42251d675da83286b1cce702)
Start importing Assets/Ch38_1001_Diffuse.png using Guid(fef09ceb254c6d042bcaf75c6525ce9e) Importer(2089858483,192608db42251d675da83286b1cce702) (ScriptedImporter) -> (artifact id: 'b62cf05d92b76a617946a239f1ae3aaf') in 0.027916 seconds
Number of updated asset objects reloaded before import = 0Number of asset objects unloaded after import = 1

========================================================================
Received Import Request.
  Time since last request: 0.000079 seconds.
  path: Assets/Ch38_1002_Diffuse.png
  artifactKey: Guid(057e67679b0a8f541a898dcdc3cad0bb) Importer(2089858483,192608db42251d675da83286b1cce702)
Start importing Assets/Ch38_1002_Diffuse.png using Guid(057e67679b0a8f541a898dcdc3cad0bb) Importer(2089858483,192608db42251d675da83286b1cce702) (ScriptedImporter) -> (artifact id: 'e2069ec5f7e7049ddd786306f1c26de2') in 0.0301136 seconds
Number of updated asset objects reloaded before import = 0Number of asset objects unloaded after import = 1

========================================================================
Received Import Request.
  Time since last request: 30.535711 seconds.
  path: Assets/Ch28_1001_Normal.png
  artifactKey: Guid(a5fa997d9f8e91345b65eb314567e48f) Importer(815301076,1909f56bfc062723c751e8b465ee728b)
Start importing Assets/Ch28_1001_Normal.png using Guid(a5fa997d9f8e91345b65eb314567e48f) Importer(815301076,1909f56bfc062723c751e8b465ee728b) (PreviewImporter) -> (artifact id: '113e8b0e9dc68cbaf8674f147847ae74') in 0.0289636 seconds
Number of updated asset objects reloaded before import = 0Number of asset objects unloaded after import = 2

========================================================================
Received Import Request.
  Time since last request: 0.000017 seconds.
  path: Assets/Ch38_body.mat
  artifactKey: Guid(700afa6334319634790af182b9e2a0fb) Importer(815301076,1909f56bfc062723c751e8b465ee728b)
Start importing Assets/Ch38_body.mat using Guid(700afa6334319634790af182b9e2a0fb) Importer(815301076,1909f56bfc062723c751e8b465ee728b) (PreviewImporter) -> (artifact id: '9375e174f4487ba10198628ac8d38f97') in 0.0224265 seconds
Number of updated asset objects reloaded before import = 0Number of asset objects unloaded after import = 3

========================================================================
Received Import Request.
  Time since last request: 31.502499 seconds.
  path: Assets/player 3.fbx
  artifactKey: Guid(224260932393bef489b10c9f96ffdad0) Importer(815301076,1909f56bfc062723c751e8b465ee728b)
Start importing Assets/player 3.fbx using Guid(224260932393bef489b10c9f96ffdad0) Importer(815301076,1909f56bfc062723c751e8b465ee728b) (PreviewImporter) -> (artifact id: '385356c3f2a7b467d91a7d503c8916e1') in 0.1008729 seconds
Number of updated asset objects reloaded before import = 0Number of asset objects unloaded after import = 163

========================================================================
Received Import Request.
  Time since last request: 0.864576 seconds.
  path: Assets/player 3.fbx
  artifactKey: Guid(224260932393bef489b10c9f96ffdad0) Importer(2089858483,192608db42251d675da83286b1cce702)
Start importing Assets/player 3.fbx using Guid(224260932393bef489b10c9f96ffdad0) Importer(2089858483,192608db42251d675da83286b1cce702) (ScriptedImporter) -> (artifact id: '9a7b0491ce775b3bc17d2ab6a9d63014') in 0.0311583 seconds
Number of updated asset objects reloaded before import = 0Number of asset objects unloaded after import = 163

========================================================================
Received Import Request.
  Time since last request: 40.933356 seconds.
  path: Assets/player 1.fbx
  artifactKey: Guid(04b807fa771cfaa469845bd11a83d067) Importer(815301076,1909f56bfc062723c751e8b465ee728b)
Start importing Assets/player 1.fbx using Guid(04b807fa771cfaa469845bd11a83d067) Importer(815301076,1909f56bfc062723c751e8b465ee728b) (PreviewImporter) -> (artifact id: '15afbb165608ad78ebd93f2af58b6eff') in 0.322938 seconds
Number of updated asset objects reloaded before import = 0Number of asset objects unloaded after import = 159

========================================================================
Received Import Request.
  Time since last request: 6.208916 seconds.
  path: Assets/player 2.fbx
  artifactKey: Guid(89204e9bfd1eef243a2732b9be6928bc) Importer(815301076,1909f56bfc062723c751e8b465ee728b)
Start importing Assets/player 2.fbx using Guid(89204e9bfd1eef243a2732b9be6928bc) Importer(815301076,1909f56bfc062723c751e8b465ee728b) (PreviewImporter) -> (artifact id: 'e537b0f459183f382104b43f85d55d7f') in 0.85869 seconds
Number of updated asset objects reloaded before import = 0Number of asset objects unloaded after import = 163

