[Licensing::Module] Trying to connect to existing licensing client channel...
[Licensing::IpcConnector] Successfully connected to: "LicenseClient-adham" at "2025-12-15T23:55:23.4353313Z"
Built from '6000.2/staging' branch; Version is '6000.2.14f1 (589824c1fc31) revision 5806116'; Using compiler version '194234433'; Build Type 'Release'
OS: 'Windows 11  (10.0.26200) 64bit Professional' Language: 'en' Physical Memory: 32559 MB
BatchMode: 1, IsHumanControllingUs: 0, StartBugReporterOnCrash: 0, Is64bit: 1
Date: 2025-12-15T23:55:23Z

COMMAND LINE ARGUMENTS:
G:\programs\Unity\Hub\Editor\6000.2.14f1\Editor\Unity.exe
-adb2
-batchMode
-noUpm
-name
AssetImportWorker2
-projectPath
G:/College/semester 7/Graphics and Game Programming/Project/Ball Blitz
-logFile
Logs/AssetImportWorker2.log
-srvPort
55034
-licensingIpc
LicenseClient-adham
-job-worker-count
9
-background-job-worker-count
8
-gc-helper-count
1
-name
AssetImport
Successfully changed project path to: G:/College/semester 7/Graphics and Game Programming/Project/Ball Blitz
G:/College/semester 7/Graphics and Game Programming/Project/Ball Blitz
[UnityMemory] Configuration Parameters - Can be set up in boot.config
    "memorysetup-allocator-temp-initial-block-size-main=262144"
    "memorysetup-allocator-temp-initial-block-size-worker=262144"
    "memorysetup-bucket-allocator-granularity=16"
    "memorysetup-bucket-allocator-bucket-count=8"
    "memorysetup-bucket-allocator-block-size=33554432"
    "memorysetup-bucket-allocator-block-count=8"
    "memorysetup-main-allocator-block-size=16777216"
    "memorysetup-thread-allocator-block-size=16777216"
    "memorysetup-gfx-main-allocator-block-size=16777216"
    "memorysetup-gfx-thread-allocator-block-size=16777216"
    "memorysetup-cache-allocator-block-size=4194304"
    "memorysetup-typetree-allocator-block-size=2097152"
    "memorysetup-profiler-bucket-allocator-granularity=16"
    "memorysetup-profiler-bucket-allocator-bucket-count=8"
    "memorysetup-profiler-bucket-allocator-block-size=33554432"
    "memorysetup-profiler-bucket-allocator-block-count=8"
    "memorysetup-profiler-allocator-block-size=16777216"
    "memorysetup-profiler-editor-allocator-block-size=1048576"
    "memorysetup-temp-allocator-size-main=16777216"
    "memorysetup-job-temp-allocator-block-size=2097152"
    "memorysetup-job-temp-allocator-block-size-background=1048576"
    "memorysetup-job-temp-allocator-reduction-small-platforms=262144"
    "memorysetup-temp-allocator-size-background-worker=32768"
    "memorysetup-temp-allocator-size-job-worker=262144"
    "memorysetup-temp-allocator-size-preload-manager=33554432"
    "memorysetup-temp-allocator-size-nav-mesh-worker=65536"
    "memorysetup-temp-allocator-size-audio-worker=65536"
    "memorysetup-temp-allocator-size-cloud-worker=32768"
    "memorysetup-temp-allocator-size-gi-baking-worker=262144"
    "memorysetup-temp-allocator-size-gi-baking-worker=262144"
    "memorysetup-temp-allocator-size-gi-baking-worker=262144"
    "memorysetup-temp-allocator-size-gi-baking-worker=262144"
    "memorysetup-temp-allocator-size-gi-baking-worker=262144"
    "memorysetup-temp-allocator-size-gfx=262144"
Player connection [26888]  Target information:

Player connection [26888]  * "[IP] 192.168.1.119 [Port] 0 [Flags] 2 [Guid] 2141605845 [EditorId] 2141605845 [Version] 1048832 [Id] WindowsEditor(7,Lost-Darkness-PC) [Debug] 1 [PackageName] WindowsEditor [ProjectName] Editor" 

Player connection [26888] Host joined multi-casting on [225.0.0.222:54997]...
Player connection [26888] Host joined alternative multi-casting on [225.0.0.222:34997]...
JobSystem: Creating JobQueue using job-worker-count value 9
Input System module state changed to: Initialized.
[Physics::Module] Initialized fallback backend.
[Physics::Module] Id: 0xdecafbad
Library Redirect Path: Library/
[Physics::Module] Selected backend.
[Physics::Module] Name: PhysX
[Physics::Module] Id: 0xf2b8ea05
[Physics::Module] SDK Version: 4.1.2
[Physics::Module] Integration Version: 1.0.0
[Physics::Module] Threading Mode: Multi-Threaded
Refreshing native plugins compatible for Editor in 2.26 ms, found 3 plugins.
Preloading 0 native plugins for Editor in 0.00 ms.
Initialize engine version: 6000.2.14f1 (589824c1fc31)
[Subsystems] Discovering subsystems at path G:/programs/Unity/Hub/Editor/6000.2.14f1/Editor/Data/Resources/UnitySubsystems
[Subsystems] Discovering subsystems at path G:/College/semester 7/Graphics and Game Programming/Project/Ball Blitz/Assets
GfxDevice: creating device client; kGfxThreadingModeNonThreaded
Direct3D:
    Version:  Direct3D 11.0 [level 11.1]
    Renderer: NVIDIA GeForce RTX 3060 (ID=0x2504)
    Vendor:   NVIDIA
    VRAM:     12115 MB
    Driver:   32.0.15.8180
Initialize mono
Mono path[0] = 'G:/programs/Unity/Hub/Editor/6000.2.14f1/Editor/Data/Managed'
Mono path[1] = 'G:/programs/Unity/Hub/Editor/6000.2.14f1/Editor/Data/MonoBleedingEdge/lib/mono/unityjit-win32'
Mono config path = 'G:/programs/Unity/Hub/Editor/6000.2.14f1/Editor/Data/MonoBleedingEdge/etc'
Using monoOptions --debugger-agent=transport=dt_socket,embedding=1,server=y,suspend=n,address=127.0.0.1:56844
Begin MonoManager ReloadAssembly
Registering precompiled unity dll's ...
Register platform support module: G:/programs/Unity/Hub/Editor/6000.2.14f1/Editor/Data/PlaybackEngines/WindowsStandaloneSupport/UnityEditor.WindowsStandalone.Extensions.dll
Registered in 0.001065 seconds.
- Loaded All Assemblies, in  0.367 seconds
[Licensing::Client] Error: HandshakeResponse reported an error:
	ResponseCode: 505
	ResponseStatus: Unsupported protocol version '1.17.4'.
[Licensing::Module] Error: Failed to handshake to channel: "LicenseClient-adham"
[Licensing::IpcConnector] LicenseClient-adham channel disconnected successfully.
[Licensing::IpcConnector] Successfully connected to: "LicenseClient-adham-6000.2.14" at "2025-12-15T23:55:24.3165746Z"
Native extension for WindowsStandalone target not found
Mono: successfully reloaded assembly
- Finished resetting the current domain, in  0.325 seconds
Domain Reload Profiling: 692ms
	BeginReloadAssembly (130ms)
		ExecutionOrderSort (0ms)
		DisableScriptedObjects (0ms)
		BackupInstance (0ms)
		ReleaseScriptingObjects (0ms)
		CreateAndSetChildDomain (1ms)
	RebuildCommonClasses (32ms)
	RebuildNativeTypeToScriptingClass (11ms)
	initialDomainReloadingComplete (40ms)
	LoadAllAssembliesAndSetupDomain (153ms)
		LoadAssemblies (130ms)
		RebuildTransferFunctionScriptingTraits (0ms)
		AnalyzeDomain (151ms)
			TypeCache.Refresh (149ms)
				TypeCache.ScanAssembly (136ms)
			BuildScriptInfoCaches (0ms)
			ResolveRequiredComponents (0ms)
	FinalizeReload (326ms)
		ReleaseScriptCaches (0ms)
		RebuildScriptCaches (0ms)
		SetupLoadedEditorAssemblies (286ms)
			LogAssemblyErrors (0ms)
			InitializePlatformSupportModulesInManaged (43ms)
			SetLoadedEditorAssemblies (4ms)
			BeforeProcessingInitializeOnLoad (62ms)
			ProcessInitializeOnLoadAttributes (124ms)
			ProcessInitializeOnLoadMethodAttributes (53ms)
			AfterProcessingInitializeOnLoad (0ms)
			EditorAssembliesLoaded (0ms)
		ExecutionOrderSort2 (0ms)
		AwakeInstancesAfterBackupRestoration (0ms)
========================================================================
Worker process is ready to serve import requests
Import Worker Mode flag is 0x00
Begin MonoManager ReloadAssembly
[Licensing::Module] Licensing is not yet initialized.
[Licensing::Client] Handshaking with LicensingClient:
  Version:                 1.17.4+4293ba1
  Session Id:              0a971ff026aa4abe9849406c7fdd8988
  Correlation Id:          e73b244d238eb83f468a8e1496a07c25
  External correlation Id: 8789255243517500985
  Machine Id:              n3RbTegUnD/TmKSx5UbAO2aNz4E=
[Licensing::Module] Successfully connected to LicensingClient on channel: "LicenseClient-adham-6000.2.14" (connect: 0.00s, validation: 0.00s, handshake: 0.84s)
[Licensing::IpcConnector] Successfully connected to: "LicenseClient-adham-6000.2.14-notifications" at "2025-12-15T23:55:25.1643549Z"
[Licensing::Module] Licensing Background thread has ended after 1.73s
[Licensing::Module] Licensing is initialized (took 0.28s).
[Licensing::Client] Successfully resolved entitlement details
[Licensing::Module] License group:
  Id: 11270626573202-UnityPersXXXX
  Product: Unity Personal
  Type: Assigned
  Expiration: Unlimited
- Loaded All Assemblies, in  0.892 seconds
Refreshing native plugins compatible for Editor in 1.13 ms, found 3 plugins.
Native extension for WindowsStandalone target not found
Package Manager log level set to [2]
[Package Manager] Failed to launch server process. Reason: Unity was launched with the -noUpm command-line argument
[Package Manager] Unable to send message (not connected to server process).
[Package Manager] Cannot connect to Unity Package Manager local server
Mono: successfully reloaded assembly
- Finished resetting the current domain, in  0.521 seconds
Domain Reload Profiling: 1413ms
	BeginReloadAssembly (461ms)
		ExecutionOrderSort (0ms)
		DisableScriptedObjects (6ms)
		BackupInstance (0ms)
		ReleaseScriptingObjects (0ms)
		CreateAndSetChildDomain (27ms)
	RebuildCommonClasses (33ms)
	RebuildNativeTypeToScriptingClass (10ms)
	initialDomainReloadingComplete (32ms)
	LoadAllAssembliesAndSetupDomain (355ms)
		LoadAssemblies (292ms)
		RebuildTransferFunctionScriptingTraits (0ms)
		AnalyzeDomain (174ms)
			TypeCache.Refresh (138ms)
				TypeCache.ScanAssembly (127ms)
			BuildScriptInfoCaches (28ms)
			ResolveRequiredComponents (4ms)
	FinalizeReload (521ms)
		ReleaseScriptCaches (0ms)
		RebuildScriptCaches (0ms)
		SetupLoadedEditorAssemblies (418ms)
			LogAssemblyErrors (0ms)
			InitializePlatformSupportModulesInManaged (2ms)
			SetLoadedEditorAssemblies (3ms)
			BeforeProcessingInitializeOnLoad (83ms)
			ProcessInitializeOnLoadAttributes (303ms)
			ProcessInitializeOnLoadMethodAttributes (24ms)
			AfterProcessingInitializeOnLoad (1ms)
			EditorAssembliesLoaded (0ms)
		ExecutionOrderSort2 (0ms)
		AwakeInstancesAfterBackupRestoration (8ms)
Launched and connected shader compiler UnityShaderCompiler.exe after 0.01 seconds
Refreshing native plugins compatible for Editor in 0.90 ms, found 3 plugins.
Preloading 0 native plugins for Editor in 0.00 ms.
Unloading 0 Unused Serialized files (Serialized files now loaded: 0)
Unloading 3950 unused Assets / (1.5 MB). Loaded Objects now: 4482.
Memory consumption went from 103.3 MB to 101.9 MB.
Total: 5.351100 ms (FindLiveObjects: 0.347200 ms CreateObjectMapping: 0.217500 ms MarkObjects: 3.495400 ms  DeleteObjects: 1.289900 ms)

========================================================================
Received Import Request.
  Time since last request: 7914.627030 seconds.
  path: Assets/player 1.fbx
  artifactKey: Guid(04b807fa771cfaa469845bd11a83d067) Importer(815301076,1909f56bfc062723c751e8b465ee728b)
Start importing Assets/player 1.fbx using Guid(04b807fa771cfaa469845bd11a83d067) Importer(815301076,1909f56bfc062723c751e8b465ee728b) (PreviewImporter) -> (artifact id: '7a5b1070a3be7bed536e8d5ed2142cd1') in 0.2544888 seconds
Number of updated asset objects reloaded before import = 0Number of asset objects unloaded after import = 159

========================================================================
Received Import Request.
  Time since last request: 30.829706 seconds.
  path: Assets/player 1.fbx
  artifactKey: Guid(04b807fa771cfaa469845bd11a83d067) Importer(815301076,1909f56bfc062723c751e8b465ee728b)
Start importing Assets/player 1.fbx using Guid(04b807fa771cfaa469845bd11a83d067) Importer(815301076,1909f56bfc062723c751e8b465ee728b) (PreviewImporter) -> (artifact id: 'e828ada1772a5b637ed63057fb005abe') in 0.2798109 seconds
Number of updated asset objects reloaded before import = 0Number of asset objects unloaded after import = 159

========================================================================
Received Prepare
Begin MonoManager ReloadAssembly
[Licensing::Client] Successfully resolved entitlement details
- Loaded All Assemblies, in  0.501 seconds
Refreshing native plugins compatible for Editor in 0.76 ms, found 3 plugins.
Native extension for WindowsStandalone target not found
[Package Manager] Failed to launch server process. Reason: Unity was launched with the -noUpm command-line argument
[Package Manager] Unable to send message (not connected to server process).
[Package Manager] Cannot connect to Unity Package Manager local server
Mono: successfully reloaded assembly
- Finished resetting the current domain, in  0.509 seconds
Domain Reload Profiling: 1012ms
	BeginReloadAssembly (180ms)
		ExecutionOrderSort (0ms)
		DisableScriptedObjects (5ms)
		BackupInstance (0ms)
		ReleaseScriptingObjects (0ms)
		CreateAndSetChildDomain (33ms)
	RebuildCommonClasses (28ms)
	RebuildNativeTypeToScriptingClass (10ms)
	initialDomainReloadingComplete (19ms)
	LoadAllAssembliesAndSetupDomain (265ms)
		LoadAssemblies (255ms)
		RebuildTransferFunctionScriptingTraits (0ms)
		AnalyzeDomain (114ms)
			TypeCache.Refresh (6ms)
				TypeCache.ScanAssembly (0ms)
			BuildScriptInfoCaches (101ms)
			ResolveRequiredComponents (4ms)
	FinalizeReload (510ms)
		ReleaseScriptCaches (0ms)
		RebuildScriptCaches (0ms)
		SetupLoadedEditorAssemblies (404ms)
			LogAssemblyErrors (0ms)
			InitializePlatformSupportModulesInManaged (1ms)
			SetLoadedEditorAssemblies (3ms)
			BeforeProcessingInitializeOnLoad (75ms)
			ProcessInitializeOnLoadAttributes (295ms)
			ProcessInitializeOnLoadMethodAttributes (28ms)
			AfterProcessingInitializeOnLoad (1ms)
			EditorAssembliesLoaded (0ms)
		ExecutionOrderSort2 (0ms)
		AwakeInstancesAfterBackupRestoration (7ms)
Refreshing native plugins compatible for Editor in 1.00 ms, found 3 plugins.
Preloading 0 native plugins for Editor in 0.00 ms.
Unloading 0 Unused Serialized files (Serialized files now loaded: 0)
Unloading 3949 unused Assets / (1.1 MB). Loaded Objects now: 4498.
Memory consumption went from 115.5 MB to 114.3 MB.
Total: 5.883700 ms (FindLiveObjects: 0.496800 ms CreateObjectMapping: 0.285200 ms MarkObjects: 4.215900 ms  DeleteObjects: 0.884300 ms)

Prepare: number of updated asset objects reloaded= 0
========================================================================
Received Import Request.
  Time since last request: 236.772642 seconds.
  path: Assets/player 3.fbx
  artifactKey: Guid(968473d6a93289449885181757df0ef9) Importer(815301076,1909f56bfc062723c751e8b465ee728b)
Start importing Assets/player 3.fbx using Guid(968473d6a93289449885181757df0ef9) Importer(815301076,1909f56bfc062723c751e8b465ee728b) (PreviewImporter) -> (artifact id: '80902e449568a96dabdd661d2c37145c') in 0.1832577 seconds
Number of updated asset objects reloaded before import = 0Number of asset objects unloaded after import = 162

========================================================================
Received Import Request.
  Time since last request: 23.248391 seconds.
  path: Assets/Scenes/Arena.unity
  artifactKey: Guid(9fc0d4010bbf28b4594072e72b8655ab) Importer(2089858483,192608db42251d675da83286b1cce702)
Start importing Assets/Scenes/Arena.unity using Guid(9fc0d4010bbf28b4594072e72b8655ab) Importer(2089858483,192608db42251d675da83286b1cce702) (ScriptedImporter) -> (artifact id: 'f24108eb9047795bb3963411161ba2b1') in 0.05141 seconds
Number of updated asset objects reloaded before import = 0Number of asset objects unloaded after import = 1

========================================================================
Received Import Request.
  Time since last request: 16.015980 seconds.
  path: Assets/player 1.fbx
  artifactKey: Guid(968473d6a93289449885181757df0ef9) Importer(815301076,1909f56bfc062723c751e8b465ee728b)
Start importing Assets/player 1.fbx using Guid(968473d6a93289449885181757df0ef9) Importer(815301076,1909f56bfc062723c751e8b465ee728b) (PreviewImporter) -> (artifact id: '649c99d3c65127787f291d7db5ca8cf0') in 0.0708407 seconds
Number of updated asset objects reloaded before import = 0Number of asset objects unloaded after import = 162

========================================================================
Received Import Request.
  Time since last request: 0.875264 seconds.
  path: Assets/player 1.fbx
  artifactKey: Guid(968473d6a93289449885181757df0ef9) Importer(2089858483,192608db42251d675da83286b1cce702)
Start importing Assets/player 1.fbx using Guid(968473d6a93289449885181757df0ef9) Importer(2089858483,192608db42251d675da83286b1cce702) (ScriptedImporter) -> (artifact id: 'a75f47fa5a5086fe49459290c2d62d05') in 0.0774598 seconds
Number of updated asset objects reloaded before import = 0Number of asset objects unloaded after import = 162

========================================================================
Received Import Request.
  Time since last request: 48.139288 seconds.
  path: Assets/player 1.fbx
  artifactKey: Guid(968473d6a93289449885181757df0ef9) Importer(815301076,1909f56bfc062723c751e8b465ee728b)
Start importing Assets/player 1.fbx using Guid(968473d6a93289449885181757df0ef9) Importer(815301076,1909f56bfc062723c751e8b465ee728b) (PreviewImporter) -> (artifact id: '17fc18be2f551cffa29e92620cc94c5c') in 0.1505513 seconds
Number of updated asset objects reloaded before import = 0Number of asset objects unloaded after import = 161

========================================================================
Received Import Request.
  Time since last request: 355.651136 seconds.
  path: Assets/Ch28_1001_Glossiness.png
  artifactKey: Guid(d1407fc53db116845b92c8efcd38ef10) Importer(815301076,1909f56bfc062723c751e8b465ee728b)
Start importing Assets/Ch28_1001_Glossiness.png using Guid(d1407fc53db116845b92c8efcd38ef10) Importer(815301076,1909f56bfc062723c751e8b465ee728b) (PreviewImporter) -> (artifact id: '8ccc2731ca26c7fbeec048a5a3b4d75d') in 0.0396293 seconds
Number of updated asset objects reloaded before import = 0Number of asset objects unloaded after import = 2

========================================================================
Received Import Request.
  Time since last request: 0.000025 seconds.
  path: Assets/Ch28_1001_Specular.png
  artifactKey: Guid(3cd33838478a5ef4e8f02ded40082bb8) Importer(815301076,1909f56bfc062723c751e8b465ee728b)
Start importing Assets/Ch28_1001_Specular.png using Guid(3cd33838478a5ef4e8f02ded40082bb8) Importer(815301076,1909f56bfc062723c751e8b465ee728b) (PreviewImporter) -> (artifact id: '0f3e3196009d026bf66039e3750c35b3') in 0.0206529 seconds
Number of updated asset objects reloaded before import = 0Number of asset objects unloaded after import = 2

========================================================================
Received Import Request.
  Time since last request: 0.000021 seconds.
  path: Assets/Ch38_1001_Diffuse 1.png
  artifactKey: Guid(2e24e702ba7559f44b97c27577d8ac1e) Importer(815301076,1909f56bfc062723c751e8b465ee728b)
Start importing Assets/Ch38_1001_Diffuse 1.png using Guid(2e24e702ba7559f44b97c27577d8ac1e) Importer(815301076,1909f56bfc062723c751e8b465ee728b) (PreviewImporter) -> (artifact id: 'f5486958fae37b6247c9275a237a1d5e') in 0.0935842 seconds
Number of updated asset objects reloaded before import = 0Number of asset objects unloaded after import = 2

========================================================================
Received Import Request.
  Time since last request: 0.000017 seconds.
  path: Assets/Ch38_1001_Glossiness 1.png
  artifactKey: Guid(72071eb17d5b55748864374cfbaff8f4) Importer(815301076,1909f56bfc062723c751e8b465ee728b)
Start importing Assets/Ch38_1001_Glossiness 1.png using Guid(72071eb17d5b55748864374cfbaff8f4) Importer(815301076,1909f56bfc062723c751e8b465ee728b) (PreviewImporter) -> (artifact id: 'a34da0fe13521de55339ea07d3a3da89') in 0.0321894 seconds
Number of updated asset objects reloaded before import = 0Number of asset objects unloaded after import = 2

========================================================================
Received Import Request.
  Time since last request: 0.000041 seconds.
  path: Assets/Ch38_1002_Normal.png
  artifactKey: Guid(909b030cc3546d94fb9bee802e2fc630) Importer(815301076,1909f56bfc062723c751e8b465ee728b)
Start importing Assets/Ch38_1002_Normal.png using Guid(909b030cc3546d94fb9bee802e2fc630) Importer(815301076,1909f56bfc062723c751e8b465ee728b) (PreviewImporter) -> (artifact id: 'd9891e783e1d3f2c4dc2dc6cacbac48d') in 0.0371769 seconds
Number of updated asset objects reloaded before import = 0Number of asset objects unloaded after import = 2

========================================================================
Received Import Request.
  Time since last request: 0.000032 seconds.
  path: Assets/Ch38_1001_Diffuse.png
  artifactKey: Guid(fef09ceb254c6d042bcaf75c6525ce9e) Importer(815301076,1909f56bfc062723c751e8b465ee728b)
Start importing Assets/Ch38_1001_Diffuse.png using Guid(fef09ceb254c6d042bcaf75c6525ce9e) Importer(815301076,1909f56bfc062723c751e8b465ee728b) (PreviewImporter) -> (artifact id: 'e02d44cd4804edd654004bbe7f8eaa98') in 0.033048 seconds
Number of updated asset objects reloaded before import = 0Number of asset objects unloaded after import = 2

========================================================================
Received Import Request.
  Time since last request: 0.000018 seconds.
  path: Assets/Ch38_1002_Diffuse 1.png
  artifactKey: Guid(c8722a34f897f35498cf8e42abb87486) Importer(815301076,1909f56bfc062723c751e8b465ee728b)
Start importing Assets/Ch38_1002_Diffuse 1.png using Guid(c8722a34f897f35498cf8e42abb87486) Importer(815301076,1909f56bfc062723c751e8b465ee728b) (PreviewImporter) -> (artifact id: 'dc66b4d0f39914437e83ad385560a494') in 0.0254026 seconds
Number of updated asset objects reloaded before import = 0Number of asset objects unloaded after import = 2

========================================================================
Received Import Request.
  Time since last request: 0.000018 seconds.
  path: Assets/player 1.fbx
  artifactKey: Guid(968473d6a93289449885181757df0ef9) Importer(815301076,1909f56bfc062723c751e8b465ee728b)
Start importing Assets/player 1.fbx using Guid(968473d6a93289449885181757df0ef9) Importer(815301076,1909f56bfc062723c751e8b465ee728b) (PreviewImporter) -> (artifact id: '9d9bb455d2ad30a51a4591c4a973458c') in 0.0738916 seconds
Number of updated asset objects reloaded before import = 0Number of asset objects unloaded after import = 163

========================================================================
Received Import Request.
  Time since last request: 0.000028 seconds.
  path: Assets/Ch38_1001_Glossiness.png
  artifactKey: Guid(62b9d3359c3574f49aa919116af4f3be) Importer(815301076,1909f56bfc062723c751e8b465ee728b)
Start importing Assets/Ch38_1001_Glossiness.png using Guid(62b9d3359c3574f49aa919116af4f3be) Importer(815301076,1909f56bfc062723c751e8b465ee728b) (PreviewImporter) -> (artifact id: 'dddcf51a5bf10bd9ed4cdae110bfc524') in 0.0170739 seconds
Number of updated asset objects reloaded before import = 0Number of asset objects unloaded after import = 2

========================================================================
Received Import Request.
  Time since last request: 0.592541 seconds.
  path: Assets/Ch38_1002_Diffuse 1.png
  artifactKey: Guid(c8722a34f897f35498cf8e42abb87486) Importer(2089858483,192608db42251d675da83286b1cce702)
Start importing Assets/Ch38_1002_Diffuse 1.png using Guid(c8722a34f897f35498cf8e42abb87486) Importer(2089858483,192608db42251d675da83286b1cce702) (ScriptedImporter) -> (artifact id: 'b5688d14bac508173681357401b1d868') in 0.0505341 seconds
Number of updated asset objects reloaded before import = 0Number of asset objects unloaded after import = 1

========================================================================
Received Import Request.
  Time since last request: 0.000072 seconds.
  path: Assets/Ch38_1002_Normal.png
  artifactKey: Guid(909b030cc3546d94fb9bee802e2fc630) Importer(2089858483,192608db42251d675da83286b1cce702)
Start importing Assets/Ch38_1002_Normal.png using Guid(909b030cc3546d94fb9bee802e2fc630) Importer(2089858483,192608db42251d675da83286b1cce702) (ScriptedImporter) -> (artifact id: 'e0d2f92573cf613a9b3675718d2d41cb') in 0.0256716 seconds
Number of updated asset objects reloaded before import = 0Number of asset objects unloaded after import = 1

========================================================================
Received Import Request.
  Time since last request: 0.000017 seconds.
  path: Assets/Ch38_1002_Normal 1.png
  artifactKey: Guid(42ddabf37736fbd4bb9444ea0871a874) Importer(2089858483,192608db42251d675da83286b1cce702)
Start importing Assets/Ch38_1002_Normal 1.png using Guid(42ddabf37736fbd4bb9444ea0871a874) Importer(2089858483,192608db42251d675da83286b1cce702) (ScriptedImporter) -> (artifact id: '1a016b4ebb0575d5a9d3e6fe7a4bfb74') in 0.0227624 seconds
Number of updated asset objects reloaded before import = 0Number of asset objects unloaded after import = 1

========================================================================
Received Import Request.
  Time since last request: 0.000016 seconds.
  path: Assets/Ch38_1001_Glossiness 1.png
  artifactKey: Guid(72071eb17d5b55748864374cfbaff8f4) Importer(2089858483,192608db42251d675da83286b1cce702)
Start importing Assets/Ch38_1001_Glossiness 1.png using Guid(72071eb17d5b55748864374cfbaff8f4) Importer(2089858483,192608db42251d675da83286b1cce702) (ScriptedImporter) -> (artifact id: 'a4f3cabf3850505e9346dc7187b48587') in 0.0218736 seconds
Number of updated asset objects reloaded before import = 0Number of asset objects unloaded after import = 1

========================================================================
Received Import Request.
  Time since last request: 0.000079 seconds.
  path: Assets/Ch38_1001_Specular.png
  artifactKey: Guid(4c4dc6d39b3e1be47b07173b0a0cbcc8) Importer(2089858483,192608db42251d675da83286b1cce702)
Start importing Assets/Ch38_1001_Specular.png using Guid(4c4dc6d39b3e1be47b07173b0a0cbcc8) Importer(2089858483,192608db42251d675da83286b1cce702) (ScriptedImporter) -> (artifact id: 'e0cc347d749a5676d469f82072abe985') in 0.0227081 seconds
Number of updated asset objects reloaded before import = 0Number of asset objects unloaded after import = 1

========================================================================
Received Import Request.
  Time since last request: 0.000102 seconds.
  path: Assets/Ch28_1001_Normal.png
  artifactKey: Guid(a5fa997d9f8e91345b65eb314567e48f) Importer(2089858483,192608db42251d675da83286b1cce702)
Start importing Assets/Ch28_1001_Normal.png using Guid(a5fa997d9f8e91345b65eb314567e48f) Importer(2089858483,192608db42251d675da83286b1cce702) (ScriptedImporter) -> (artifact id: '24ea4e162b9119c56a8c4323fddd09c2') in 0.0266257 seconds
Number of updated asset objects reloaded before import = 0Number of asset objects unloaded after import = 1

========================================================================
Received Import Request.
  Time since last request: 0.000032 seconds.
  path: Assets/Ch38_1001_Diffuse.png
  artifactKey: Guid(fef09ceb254c6d042bcaf75c6525ce9e) Importer(2089858483,192608db42251d675da83286b1cce702)
Start importing Assets/Ch38_1001_Diffuse.png using Guid(fef09ceb254c6d042bcaf75c6525ce9e) Importer(2089858483,192608db42251d675da83286b1cce702) (ScriptedImporter) -> (artifact id: 'a219e5c0e2d854a027c0c439b9e26dca') in 0.066099 seconds
Number of updated asset objects reloaded before import = 0Number of asset objects unloaded after import = 1

========================================================================
Received Import Request.
  Time since last request: 0.000062 seconds.
  path: Assets/Ch38_1001_Diffuse 1.png
  artifactKey: Guid(2e24e702ba7559f44b97c27577d8ac1e) Importer(2089858483,192608db42251d675da83286b1cce702)
Start importing Assets/Ch38_1001_Diffuse 1.png using Guid(2e24e702ba7559f44b97c27577d8ac1e) Importer(2089858483,192608db42251d675da83286b1cce702) (ScriptedImporter) -> (artifact id: 'd1dbe70e2be986f47abe2c1766e0c656') in 0.027928 seconds
Number of updated asset objects reloaded before import = 0Number of asset objects unloaded after import = 1

Editor requested this worker to shutdown with reason: Scaling down because of idle timeout
AssetImportWorker is now disconnected from the server
Process exiting
Exiting without the bug reporter. Application will terminate with return code 0